<?xml version="1.0" encoding="UTF-8"?>
<!-- Generated by org.testng.reporters.JUnitReportReporter -->
<testsuite skipped="0" hostname="Mansoor" name="FrameWork.TestNG.Practice2" tests="2" failures="0" timestamp="02 Jun 2019 20:18:11 GMT" time="12.713" errors="0">
  <testcase name="hpLaptop" time="7.956" classname="FrameWork.TestNG.Practice2"/>
  <testcase name="macBook" time="4.757" classname="FrameWork.TestNG.Practice2"/>
</testsuite> <!-- FrameWork.TestNG.Practice2 -->
