<?xml version="1.0" encoding="UTF-8"?>
<!-- Generated by org.testng.reporters.JUnitReportReporter -->
<testsuite skipped="0" hostname="Mansoor" name="FrameWork.TestNG.TestNGBasics" tests="1" failures="0" timestamp="02 Jun 2019 20:18:11 GMT" time="0.014" errors="0">
  <testcase name="testCase" time="0.014" classname="FrameWork.TestNG.TestNGBasics"/>
</testsuite> <!-- FrameWork.TestNG.TestNGBasics -->
