<?xml version="1.0" encoding="UTF-8"?>
<!-- Generated by org.testng.reporters.JUnitReportReporter -->
<testsuite skipped="0" hostname="Mansoor" name="FrameWork.TestNG.Practice1" tests="5" failures="0" timestamp="02 Jun 2019 20:18:11 GMT" time="45.311" errors="0">
  <testcase name="testTheShoppingCartContinueBtn" time="7.650" classname="FrameWork.TestNG.Practice1"/>
  <testcase name="loginWithCorrectUserAndPass" time="10.800" classname="FrameWork.TestNG.Practice1"/>
  <testcase name="loginWithIncorrectUserAndCorrectPass" time="6.636" classname="FrameWork.TestNG.Practice1"/>
  <testcase name="loginWithIncorectUserAndPass" time="9.687" classname="FrameWork.TestNG.Practice1"/>
  <testcase name="loginWithCorrectUserAndIncorrectPass" time="10.538" classname="FrameWork.TestNG.Practice1"/>
</testsuite> <!-- FrameWork.TestNG.Practice1 -->
